[0m19:36:22.886896 [debug] [MainThread]: Sending event: {'category': 'dbt', 'action': 'invocation', 'label': 'start', 'context': [<snowplow_tracker.self_describing_json.SelfDescribingJson object at 0x000001DAAF7352D0>, <snowplow_tracker.self_describing_json.SelfDescribingJson object at 0x000001DAAF75F010>, <snowplow_tracker.self_describing_json.SelfDescribingJson object at 0x000001DAAF735150>]}


============================== 19:36:23.011906 | bd7d50d5-dd29-420d-922f-e476e145d0c7 ==============================
[0m19:36:23.011906 [info ] [MainThread]: Running with dbt=1.11.6
[0m19:36:23.027488 [debug] [MainThread]: running dbt with arguments {'static_parser': 'True', 'no_print': 'None', 'version_check': 'True', 'target_path': 'None', 'warn_error_options': 'WarnErrorOptionsV2(error=[], warn=[], silence=[])', 'printer_width': '80', 'write_json': 'True', 'empty': 'None', 'log_cache_events': 'False', 'introspect': 'True', 'cache_selected_only': 'False', 'log_format': 'default', 'debug': 'False', 'fail_fast': 'False', 'profiles_dir': 'C:\\Users\\Alejandro Diaz\\.dbt', 'send_anonymous_usage_stats': 'True', 'quiet': 'False', 'warn_error': 'None', 'partial_parse': 'True', 'invocation_command': 'dbt init honda_saas_metrics', 'indirect_selection': 'eager', 'use_colors': 'True', 'use_experimental_parser': 'False', 'log_path': 'logs'}
[0m19:36:23.143092 [debug] [MainThread]: Starter project path: C:\Users\Alejandro Diaz\AppData\Local\Programs\Python\Python311\Lib\site-packages\dbt\include\starter_project
[0m19:36:23.514200 [info ] [MainThread]: 
Your new dbt project "honda_saas_metrics" was created!

For more information on how to configure the profiles.yml file,
please consult the dbt documentation here:

  https://docs.getdbt.com/docs/configure-your-profile

One more thing:

Need help? Don't hesitate to reach out to us via GitHub issues or on Slack:

  https://community.getdbt.com/

Happy modeling!

[0m19:36:23.514200 [info ] [MainThread]: Setting up your profile.
[0m19:41:31.061734 [info ] [MainThread]: Profile honda_saas_metrics written to C:\Users\Alejandro Diaz\.dbt\profiles.yml using target's profile_template.yml and your supplied values. Run 'dbt debug' to validate the connection.
[0m19:41:31.066721 [debug] [MainThread]: Command `dbt init` succeeded at 19:41:31.065723 after 308.45 seconds
[0m19:41:31.067717 [debug] [MainThread]: Sending event: {'category': 'dbt', 'action': 'invocation', 'label': 'end', 'context': [<snowplow_tracker.self_describing_json.SelfDescribingJson object at 0x000001DAAF73DE90>, <snowplow_tracker.self_describing_json.SelfDescribingJson object at 0x000001DAAF793F50>, <snowplow_tracker.self_describing_json.SelfDescribingJson object at 0x000001DAAF793ED0>]}
[0m19:41:31.068715 [debug] [MainThread]: Flushing usage events
[0m19:41:32.932276 [debug] [MainThread]: An error was encountered while trying to flush usage events
